[0m16:05:13.644962 [debug] [MainThread]: Sending event: {'category': 'dbt', 'action': 'invocation', 'label': 'start', 'context': [<snowplow_tracker.self_describing_json.SelfDescribingJson object at 0x77e2ad344d40>, <snowplow_tracker.self_describing_json.SelfDescribingJson object at 0x77e2acbc7fb0>, <snowplow_tracker.self_describing_json.SelfDescribingJson object at 0x77e2acd493a0>]}


============================== 16:05:13.651701 | 6f34f896-4c47-4cf6-9687-e7c868d66d3b ==============================
[0m16:05:13.651701 [info ] [MainThread]: Running with dbt=1.8.3
[0m16:05:13.660131 [debug] [MainThread]: running dbt with arguments {'printer_width': '80', 'indirect_selection': 'eager', 'log_cache_events': 'False', 'write_json': 'True', 'partial_parse': 'True', 'cache_selected_only': 'False', 'warn_error': 'None', 'fail_fast': 'False', 'profiles_dir': '/home/i/.dbt', 'log_path': 'logs', 'version_check': 'True', 'debug': 'False', 'use_colors': 'True', 'use_experimental_parser': 'False', 'no_print': 'None', 'quiet': 'False', 'empty': 'None', 'log_format': 'default', 'static_parser': 'True', 'introspect': 'True', 'warn_error_options': 'WarnErrorOptions(include=[], exclude=[])', 'target_path': 'None', 'invocation_command': 'dbt init dbt_trening', 'send_anonymous_usage_stats': 'True'}
[0m16:05:13.684582 [debug] [MainThread]: Starter project path: /home/i/dbt_venv/lib/python3.12/site-packages/dbt/include/starter_project
[0m16:05:13.959108 [info ] [MainThread]: 
Your new dbt project "dbt_trening" was created!

For more information on how to configure the profiles.yml file,
please consult the dbt documentation here:

  https://docs.getdbt.com/docs/configure-your-profile

One more thing:

Need help? Don't hesitate to reach out to us via GitHub issues or on Slack:

  https://community.getdbt.com/

Happy modeling!

[0m16:05:13.964846 [info ] [MainThread]: Setting up your profile.
[0m16:05:13.970060 [error] [MainThread]: Encountered an error:
Runtime Error
  No adapters available. Learn how to install an adapter by going to https://docs.getdbt.com/docs/connect-adapters#install-using-the-cli
[0m16:05:13.975080 [debug] [MainThread]: Resource report: {"command_name": "init", "command_wall_clock_time": 0.4067686, "process_user_time": 1.669734, "process_kernel_time": 0.19703, "process_mem_max_rss": "92416", "process_in_blocks": "52760", "process_out_blocks": "64", "command_success": false}
[0m16:05:13.977905 [debug] [MainThread]: Command `dbt init` failed at 16:05:13.977748 after 0.41 seconds
[0m16:05:13.981215 [debug] [MainThread]: Sending event: {'category': 'dbt', 'action': 'invocation', 'label': 'end', 'context': [<snowplow_tracker.self_describing_json.SelfDescribingJson object at 0x77e2ac6f3800>, <snowplow_tracker.self_describing_json.SelfDescribingJson object at 0x77e2ac6ac5c0>, <snowplow_tracker.self_describing_json.SelfDescribingJson object at 0x77e2ac7df170>]}
[0m16:05:13.998545 [debug] [MainThread]: Flushing usage events
[0m16:23:38.429595 [debug] [MainThread]: Sending event: {'category': 'dbt', 'action': 'invocation', 'label': 'start', 'context': [<snowplow_tracker.self_describing_json.SelfDescribingJson object at 0x7f3c7a777fe0>, <snowplow_tracker.self_describing_json.SelfDescribingJson object at 0x7f3c79e0ade0>, <snowplow_tracker.self_describing_json.SelfDescribingJson object at 0x7f3c7985ee10>]}


============================== 16:23:38.439016 | b7c73920-db6f-4ee9-8e31-52cca7a8a761 ==============================
[0m16:23:38.439016 [info ] [MainThread]: Running with dbt=1.8.3
[0m16:23:38.446584 [debug] [MainThread]: running dbt with arguments {'printer_width': '80', 'indirect_selection': 'eager', 'log_cache_events': 'False', 'write_json': 'True', 'partial_parse': 'True', 'cache_selected_only': 'False', 'profiles_dir': '/home/i/.dbt', 'version_check': 'True', 'warn_error': 'None', 'log_path': 'logs', 'fail_fast': 'False', 'debug': 'False', 'use_colors': 'True', 'use_experimental_parser': 'False', 'empty': 'None', 'quiet': 'False', 'no_print': 'None', 'log_format': 'default', 'invocation_command': 'dbt init dbt_trening', 'introspect': 'True', 'static_parser': 'True', 'target_path': 'None', 'warn_error_options': 'WarnErrorOptions(include=[], exclude=[])', 'send_anonymous_usage_stats': 'True'}
[0m16:23:38.475464 [info ] [MainThread]: A project called dbt_trening already exists here.
[0m16:23:38.480442 [debug] [MainThread]: Resource report: {"command_name": "init", "command_success": true, "command_wall_clock_time": 0.1524043, "process_user_time": 1.574851, "process_kernel_time": 0.118063, "process_mem_max_rss": "93092", "process_in_blocks": "168", "process_out_blocks": "8"}
[0m16:23:38.491469 [debug] [MainThread]: Command `dbt init` succeeded at 16:23:38.491154 after 0.16 seconds
[0m16:23:38.522218 [debug] [MainThread]: Sending event: {'category': 'dbt', 'action': 'invocation', 'label': 'end', 'context': [<snowplow_tracker.self_describing_json.SelfDescribingJson object at 0x7f3c79c68500>, <snowplow_tracker.self_describing_json.SelfDescribingJson object at 0x7f3c7a777fe0>, <snowplow_tracker.self_describing_json.SelfDescribingJson object at 0x7f3c7985ee10>]}
[0m16:23:38.526268 [debug] [MainThread]: Flushing usage events
